\BOOKMARK [0][-]{chapter.1}{Introducción}{}% 1
\BOOKMARK [1][-]{section.1.1}{Motivación}{chapter.1}% 2
\BOOKMARK [1][-]{section.1.2}{Objetivo}{chapter.1}% 3
\BOOKMARK [0][-]{chapter.2}{Antecedentes y Marco Teórico}{}% 4
\BOOKMARK [1][-]{section.2.1}{Procesos hidrológicos}{chapter.2}% 5
\BOOKMARK [2][-]{subsection.2.1.1}{Escurrimiento}{section.2.1}% 6
\BOOKMARK [3][-]{subsubsection.2.1.1.1}{Fuentes\040del\040Escurrimiento}{subsection.2.1.1}% 7
\BOOKMARK [3][-]{subsubsection.2.1.1.2}{Procesos\040del\040escurrimiento}{subsection.2.1.1}% 8
\BOOKMARK [2][-]{subsection.2.1.2}{Infiltración}{section.2.1}% 9
\BOOKMARK [2][-]{subsection.2.1.3}{Evaporación y Evapotranspiración}{section.2.1}% 10
\BOOKMARK [2][-]{subsection.2.1.4}{Descripción del área de estudio}{section.2.1}% 11
\BOOKMARK [2][-]{subsection.2.1.5}{Modelado hidrológico en función del área de estudio}{section.2.1}% 12
\BOOKMARK [1][-]{section.2.2}{Relevamiento de DEMs para usos hidrológicos}{chapter.2}% 13
\BOOKMARK [2][-]{subsection.2.2.1}{Misión SRTM}{section.2.2}% 14
\BOOKMARK [2][-]{subsection.2.2.2}{ASTER\040GDEM}{section.2.2}% 15
\BOOKMARK [2][-]{subsection.2.2.3}{Comparación con SRTM}{section.2.2}% 16
\BOOKMARK [1][-]{section.2.3}{SRTM\040e\040HydroSHEDS}{chapter.2}% 17
\BOOKMARK [2][-]{subsection.2.3.1}{Formato\040y\040Disponibilidad}{section.2.3}% 18
\BOOKMARK [2][-]{subsection.2.3.2}{Evolución y versiones de SRTM}{section.2.3}% 19
\BOOKMARK [3][-]{subsubsection.2.3.2.1}{Datos de elevación SRTM - Versión 1 \(Datos sin terminar SRTM-1 y SRTM-3\)}{subsection.2.3.2}% 20
\BOOKMARK [3][-]{subsubsection.2.3.2.2}{Datos de elevación SRTM - Versión 2 \(Datos terminados DTED-1 y DTED-3\)}{subsection.2.3.2}% 21
\BOOKMARK [3][-]{subsubsection.2.3.2.3}{Red\040fluvial\040vectorizada\040mundial\040ArcWorld}{subsection.2.3.2}% 22
\BOOKMARK [3][-]{subsubsection.2.3.2.4}{Base\040de\040datos\040global\040de\040humedales\040y\040lagos\040\(Global\040Lakes\040and\040Wetlands\040Database\040-\040GLWD\)}{subsection.2.3.2}% 23
\BOOKMARK [3][-]{subsubsection.2.3.2.5}{Mapa Digital del Mundo \(DCW\) red global vectorizada de ríos.}{subsection.2.3.2}% 24
\BOOKMARK [1][-]{section.2.4}{Adecuación Hidrológica}{chapter.2}% 25
\BOOKMARK [2][-]{subsection.2.4.1}{HydroSHEDS}{section.2.4}% 26
\BOOKMARK [3][-]{subsubsection.2.4.1.1}{Correcciones realizadas por USGS a SRTM para obtención de HydroSHEDS}{subsection.2.4.1}% 27
\BOOKMARK [3][-]{subsubsection.2.4.1.2}{Procesos de adecuación hidrológica aplicados a HydroSHEDS}{subsection.2.4.1}% 28
\BOOKMARK [2][-]{subsection.2.4.2}{Adecuación de DEM SRTM para aplicación a la llanura Bonaerense}{section.2.4}% 29
\BOOKMARK [3][-]{subsubsection.2.4.2.1}{Corrección de píxeles faltantes}{subsection.2.4.2}% 30
\BOOKMARK [3][-]{subsubsection.2.4.2.2}{Filtrado de ruido de frecuencia media y baja amplitud para corrección de bandeado}{subsection.2.4.2}% 31
\BOOKMARK [3][-]{subsubsection.2.4.2.3}{Filtrado\040de\040la\040arboleda}{subsection.2.4.2}% 32
\BOOKMARK [3][-]{subsubsection.2.4.2.4}{Corrección para zonas bajas}{subsection.2.4.2}% 33
\BOOKMARK [3][-]{subsubsection.2.4.2.5}{Filtrado\040de\040alta\040frecalta\040frecuencia}{subsection.2.4.2}% 34
\BOOKMARK [0][-]{chapter.3}{Procesamiento\040del\040DEM}{}% 35
\BOOKMARK [1][-]{section.3.1}{Primeras\040Pruebas}{chapter.3}% 36
\BOOKMARK [2][-]{subsection.3.1.1}{Aplicación de corrección de bandeado a HydroSHEDS}{section.3.1}% 37
\BOOKMARK [2][-]{subsection.3.1.2}{Aplicación de corrección de cortinas de árboles a HydroSHEDS}{section.3.1}% 38
\BOOKMARK [1][-]{section.3.2}{Propuesta\040a\040implementar}{chapter.3}% 39
\BOOKMARK [1][-]{section.3.3}{Desarrollo}{chapter.3}% 40
\BOOKMARK [2][-]{subsection.3.3.1}{Automatización del procesamiento:}{section.3.3}% 41
\BOOKMARK [2][-]{subsection.3.3.2}{Clasificación de Arboledas}{section.3.3}% 42
\BOOKMARK [3][-]{subsubsection.3.3.2.1}{Datos de Entrada necesarios para la clasificación de arboledas}{subsection.3.3.2}% 43
\BOOKMARK [3][-]{subsubsection.3.3.2.2}{Creación del stack de imágenes}{subsection.3.3.2}% 44
\BOOKMARK [3][-]{subsubsection.3.3.2.3}{Clasificación}{subsection.3.3.2}% 45
\BOOKMARK [2][-]{subsection.3.3.3}{Datos\040de\040Entrada}{section.3.3}% 46
\BOOKMARK [3][-]{subsubsection.3.3.3.1}{DEM\040SRTM\040en\040formato\040TIF}{subsection.3.3.3}% 47
\BOOKMARK [3][-]{subsubsection.3.3.3.2}{DEM\040HydroSHEDS\040Conditioned\040en\040formato\040ADF}{subsection.3.3.3}% 48
\BOOKMARK [3][-]{subsubsection.3.3.3.3}{Archivo en formato Shape de Área de Estudio}{subsection.3.3.3}% 49
\BOOKMARK [3][-]{subsubsection.3.3.3.4}{Clasificación de Arboledas}{subsection.3.3.3}% 50
\BOOKMARK [3][-]{subsubsection.3.3.3.5}{Ríos y Cañadas}{subsection.3.3.3}% 51
\BOOKMARK [2][-]{subsection.3.3.4}{Procesamiento\040y\040operaciones\040a\040SRTM\040y\040HydroSHEDS}{section.3.3}% 52
\BOOKMARK [3][-]{subsubsection.3.3.4.1}{Reproyección}{subsection.3.3.4}% 53
\BOOKMARK [3][-]{subsubsection.3.3.4.2}{Recorte\040y\040Remuestreo}{subsection.3.3.4}% 54
\BOOKMARK [3][-]{subsubsection.3.3.4.3}{Corrección de píxeles sin datos. \(valores NaN\)}{subsection.3.3.4}% 55
\BOOKMARK [2][-]{subsection.3.3.5}{Procesamiento\040a\040SRTM}{section.3.3}% 56
\BOOKMARK [3][-]{subsubsection.3.3.5.1}{Corrección de ruido de baja amplitud y alta frecuencia. \(Fourier\)}{subsection.3.3.5}% 57
\BOOKMARK [4][-]{subsubsubsection.3.3.5.1}{Condición de pertenencia a la máscara - Filtro: }{subsubsection.3.3.5.1}% 58
\BOOKMARK [4][-]{subsubsubsection.3.3.5.2}{Obtención de los cuartos 3 y 4, y armado de la imagen completa}{subsubsection.3.3.5.1}% 59
\BOOKMARK [4][-]{subsubsubsection.3.3.5.3}{Asignar ceros a transformada de Fourier en los píxeles de blancos detectados.}{subsubsection.3.3.5.1}% 60
\BOOKMARK [4][-]{subsubsubsection.3.3.5.4}{Retornar las frecuencias cero a su posición original}{subsubsection.3.3.5.1}% 61
\BOOKMARK [4][-]{subsubsubsection.3.3.5.5}{Aplicación de la Transformada Inversa}{subsubsection.3.3.5.1}% 62
\BOOKMARK [3][-]{subsubsection.3.3.5.2}{Corrección de Cortinas de Árboles}{subsection.3.3.5}% 63
\BOOKMARK [2][-]{subsection.3.3.6}{Procesamiento a HydroSHEDS para extracción de lagunas, ríos y cañadas}{section.3.3}% 64
\BOOKMARK [3][-]{subsubsection.3.3.6.1}{Conversión de formato adf a tif \(HydroSHEDS\)}{subsection.3.3.6}% 65
\BOOKMARK [3][-]{subsubsection.3.3.6.2}{Detección de Lagunas}{subsection.3.3.6}% 66
\BOOKMARK [3][-]{subsubsection.3.3.6.3}{Procesamiento de Ríos y Cañadas.}{subsection.3.3.6}% 67
\BOOKMARK [2][-]{subsection.3.3.7}{Rotación de la imagen}{section.3.3}% 68
\BOOKMARK [3][-]{subsubsection.3.3.7.1}{Recorte de márgenes}{subsection.3.3.7}% 69
\BOOKMARK [2][-]{subsection.3.3.8}{Combinación de los elementos del DEM SRTM y del DEM HydroSHEDS.}{section.3.3}% 70
\BOOKMARK [0][-]{chapter.4}{Metodología para la evaluación de resultados}{}% 71
\BOOKMARK [1][-]{section.4.1}{Elección del umbral de altura de agua}{chapter.4}% 72
\BOOKMARK [1][-]{section.4.2}{Índice de Agua NDWI}{chapter.4}% 73
\BOOKMARK [1][-]{section.4.3}{Obtención de las métricas}{chapter.4}% 74
\BOOKMARK [1][-]{section.4.4}{Estadísticos de Interés}{chapter.4}% 75
\BOOKMARK [2][-]{subsection.4.4.1}{Sensibilidad o Razón de Verdaderos Positivos}{section.4.4}% 76
\BOOKMARK [2][-]{subsection.4.4.2}{Especificidad o Razón de Verdaderos Negativos}{section.4.4}% 77
\BOOKMARK [2][-]{subsection.4.4.3}{Fall-out o Razón de Falsos Positivos o de Falsas Alarmas}{section.4.4}% 78
\BOOKMARK [2][-]{subsection.4.4.4}{Precisión o Valor Predictivo Positivo}{section.4.4}% 79
\BOOKMARK [2][-]{subsection.4.4.5}{Exactitud}{section.4.4}% 80
\BOOKMARK [2][-]{subsection.4.4.6}{Valor-F}{section.4.4}% 81
\BOOKMARK [2][-]{subsection.4.4.7}{Exactitud\040Balanceada}{section.4.4}% 82
\BOOKMARK [2][-]{subsection.4.4.8}{Coeficiente de Correlación de Matthews}{section.4.4}% 83
\BOOKMARK [2][-]{subsection.4.4.9}{Rotación de la imagen NDWI}{section.4.4}% 84
\BOOKMARK [0][-]{chapter.5}{Resultados}{}% 85
\BOOKMARK [1][-]{section.5.1}{Análisis visual comparativo de los Resultados}{chapter.5}% 86
\BOOKMARK [2][-]{subsection.5.1.1}{Imagen\040Global}{section.5.1}% 87
\BOOKMARK [2][-]{subsection.5.1.2}{Análisis Visual del algoritmo de detección de lagunas}{section.5.1}% 88
\BOOKMARK [2][-]{subsection.5.1.3}{Análisis Visual de lagunas no predichas correctamente}{section.5.1}% 89
\BOOKMARK [2][-]{subsection.5.1.4}{Análisis Visual de la corrección Bandeado}{section.5.1}% 90
\BOOKMARK [2][-]{subsection.5.1.5}{Análisis Visual de la corrección de las cortinas de árboles}{section.5.1}% 91
\BOOKMARK [1][-]{section.5.2}{Procesamiento estadístico de los resultados para la obtención de métricas}{chapter.5}% 92
\BOOKMARK [2][-]{subsection.5.2.1}{Estadísticos de interés obtenidos como resultado de la simulación}{section.5.2}% 93
\BOOKMARK [1][-]{section.5.3}{Análisis comparativo de los Estadísticos de los Resultados}{chapter.5}% 94
\BOOKMARK [2][-]{subsection.5.3.1}{Sensibilidad}{section.5.3}% 95
\BOOKMARK [2][-]{subsection.5.3.2}{Especificidad}{section.5.3}% 96
\BOOKMARK [2][-]{subsection.5.3.3}{Fall-Out\040o\040Falsas\040Alarmas}{section.5.3}% 97
\BOOKMARK [2][-]{subsection.5.3.4}{Precisión}{section.5.3}% 98
\BOOKMARK [2][-]{subsection.5.3.5}{Exactitud}{section.5.3}% 99
\BOOKMARK [2][-]{subsection.5.3.6}{Exactitud\040Balanceada\040\(BACC\)}{section.5.3}% 100
\BOOKMARK [2][-]{subsection.5.3.7}{Valor\040F1}{section.5.3}% 101
\BOOKMARK [2][-]{subsection.5.3.8}{Coeficiente de Correlación de Matthews}{section.5.3}% 102
\BOOKMARK [0][-]{chapter.6}{Conclusiones}{}% 103
\BOOKMARK [1][-]{section.6.1}{Trabajos\040a\040Futuro}{chapter.6}% 104
